<?xml version="1.0" encoding="UTF-8"?>
<testsuite name="com.exito.runner.ExitoRunner" tests="1" skipped="0" failures="1" errors="0" timestamp="2023-11-20T13:36:26" hostname="DELOSRIOS" time="0.344">
  <properties/>
  <testcase name="ingresar a la pagina del exito" classname="com.exito.runner.ExitoRunner" time="0.344">
    <failure message="io.cucumber.junit.UndefinedStepException: The step 'que el usuario abre el navegador y de clic al boton menu' and 4 other step(s) are undefined.&#10;You can implement these steps using the snippet(s) below:&#10;&#10;@Dado(&quot;que el usuario abre el navegador y de clic al boton menu&quot;)&#10;public void queElUsuarioAbreElNavegadorYDeClicAlBotonMenu() {&#10;    // Write code here that turns the phrase above into concrete actions&#10;    throw new io.cucumber.java.PendingException();&#10;}&#10;@Cuando(&quot;el usuario ingrese al menu selecciones una categoria tecnologia  y subcategoria camaras&quot;)&#10;public void elUsuarioIngreseAlMenuSeleccionesUnaCategoriaTecnologiaYSubcategoriaCamaras() {&#10;    // Write code here that turns the phrase above into concrete actions&#10;    throw new io.cucumber.java.PendingException();&#10;}&#10;@Cuando(&quot;el usuario agraga el producto al carrito de compra&quot;)&#10;public void elUsuarioAgragaElProductoAlCarritoDeCompra() {&#10;    // Write code here that turns the phrase above into concrete actions&#10;    throw new io.cucumber.java.PendingException();&#10;}&#10;@Cuando(&quot;el usuario seleciona el carrito de compra y agraga el correo&quot;)&#10;public void elUsuarioSelecionaElCarritoDeCompraYAgragaElCorreo() {&#10;    // Write code here that turns the phrase above into concrete actions&#10;    throw new io.cucumber.java.PendingException();&#10;}&#10;@Entonces(&quot;el usuario podrá ver en el carrito el articulo agragado&quot;)&#10;public void elUsuarioPodráVerEnElCarritoElArticuloAgragado() {&#10;    // Write code here that turns the phrase above into concrete actions&#10;    throw new io.cucumber.java.PendingException();&#10;}&#10;" type="io.cucumber.junit.UndefinedStepException">io.cucumber.junit.UndefinedStepException: The step 'que el usuario abre el navegador y de clic al boton menu' and 4 other step(s) are undefined.
You can implement these steps using the snippet(s) below:

@Dado(&quot;que el usuario abre el navegador y de clic al boton menu&quot;)
public void queElUsuarioAbreElNavegadorYDeClicAlBotonMenu() {
    // Write code here that turns the phrase above into concrete actions
    throw new io.cucumber.java.PendingException();
}
@Cuando(&quot;el usuario ingrese al menu selecciones una categoria tecnologia  y subcategoria camaras&quot;)
public void elUsuarioIngreseAlMenuSeleccionesUnaCategoriaTecnologiaYSubcategoriaCamaras() {
    // Write code here that turns the phrase above into concrete actions
    throw new io.cucumber.java.PendingException();
}
@Cuando(&quot;el usuario agraga el producto al carrito de compra&quot;)
public void elUsuarioAgragaElProductoAlCarritoDeCompra() {
    // Write code here that turns the phrase above into concrete actions
    throw new io.cucumber.java.PendingException();
}
@Cuando(&quot;el usuario seleciona el carrito de compra y agraga el correo&quot;)
public void elUsuarioSelecionaElCarritoDeCompraYAgragaElCorreo() {
    // Write code here that turns the phrase above into concrete actions
    throw new io.cucumber.java.PendingException();
}
@Entonces(&quot;el usuario podrá ver en el carrito el articulo agragado&quot;)
public void elUsuarioPodráVerEnElCarritoElArticuloAgragado() {
    // Write code here that turns the phrase above into concrete actions
    throw new io.cucumber.java.PendingException();
}

</failure>
  </testcase>
  <system-out><![CDATA[]]></system-out>
  <system-err><![CDATA[?[32m?[1m??????????????????????????????????????????????????????????????????????????????????????[0m
?[32m?[1m??[0m Share your Cucumber Report with your team at ?[36m?[1m?[4mhttps://reports.cucumber.io?[0m          ?[32m?[1m??[0m
?[32m?[1m??[0m Activate publishing with one of the following:                                    ?[32m?[1m??[0m
?[32m?[1m??[0m                                                                                   ?[32m?[1m??[0m
?[32m?[1m??[0m src/test/resources/cucumber.properties:          ?[36mcucumber.publish.enabled?[0m=?[36mtrue?[0m    ?[32m?[1m??[0m
?[32m?[1m??[0m src/test/resources/junit-platform.properties:    ?[36mcucumber.publish.enabled?[0m=?[36mtrue?[0m    ?[32m?[1m??[0m
?[32m?[1m??[0m Environment variable:                            ?[36mCUCUMBER_PUBLISH_ENABLED?[0m=?[36mtrue?[0m    ?[32m?[1m??[0m
?[32m?[1m??[0m JUnit:                                           ?[36m@CucumberOptions?[0m(publish = ?[36mtrue?[0m) ?[32m?[1m??[0m
?[32m?[1m??[0m                                                                                   ?[32m?[1m??[0m
?[32m?[1m??[0m More information at ?[36mhttps://cucumber.io/docs/cucumber/environment-variables/?[0m      ?[32m?[1m??[0m
?[32m?[1m??[0m                                                                                   ?[32m?[1m??[0m
?[32m?[1m??[0m Disable this message with one of the following:                                   ?[32m?[1m??[0m
?[32m?[1m??[0m                                                                                   ?[32m?[1m??[0m
?[32m?[1m??[0m src/test/resources/cucumber.properties:          ?[36mcucumber.publish.quiet?[0m=?[36mtrue?[0m      ?[32m?[1m??[0m
?[32m?[1m??[0m src/test/resources/junit-platform.properties:    ?[36mcucumber.publish.quiet?[0m=?[36mtrue?[0m      ?[32m?[1m??[0m
?[32m?[1m??????????????????????????????????????????????????????????????????????????????????????[0m
]]></system-err>
</testsuite>
